2022-04-25 09:42:18.907  INFO 50756 --- [restartedMain] com.bizmap.BizmapApplication             : Starting BizmapApplication using Java 16.0.2 on DESKTOP-DASPO1L with PID 50756 (F:\nice\BizmapSpringBoot\target\classes started by NICE in F:\nice\BizmapSpringBoot)
2022-04-25 09:42:18.909 DEBUG 50756 --- [restartedMain] com.bizmap.BizmapApplication             : Running with Spring Boot v2.6.6, Spring v5.3.18
2022-04-25 09:42:18.911  INFO 50756 --- [restartedMain] com.bizmap.BizmapApplication             : No active profile set, falling back to 1 default profile: "default"
2022-04-25 09:42:18.978  INFO 50756 --- [restartedMain] .e.DevToolsPropertyDefaultsPostProcessor : Devtools property defaults active! Set 'spring.devtools.add-properties' to 'false' to disable
2022-04-25 09:42:18.980  INFO 50756 --- [restartedMain] .e.DevToolsPropertyDefaultsPostProcessor : For additional web related logging consider setting the 'logging.level.web' property to 'DEBUG'
2022-04-25 09:42:19.796  INFO 50756 --- [restartedMain] .s.d.r.c.RepositoryConfigurationDelegate : Bootstrapping Spring Data JPA repositories in DEFAULT mode.
2022-04-25 09:42:19.869  INFO 50756 --- [restartedMain] .s.d.r.c.RepositoryConfigurationDelegate : Finished Spring Data repository scanning in 51 ms. Found 1 JPA repository interfaces.
2022-04-25 09:42:20.230  INFO 50756 --- [restartedMain] trationDelegate$BeanPostProcessorChecker : Bean 'org.springframework.ws.config.annotation.DelegatingWsConfiguration' of type [org.springframework.ws.config.annotation.DelegatingWsConfiguration$$EnhancerBySpringCGLIB$$d3f01794] is not eligible for getting processed by all BeanPostProcessors (for example: not eligible for auto-proxying)
2022-04-25 09:42:20.291  INFO 50756 --- [restartedMain] .w.s.a.s.AnnotationActionEndpointMapping : Supporting [WS-Addressing August 2004, WS-Addressing 1.0]
2022-04-25 09:42:20.712  INFO 50756 --- [restartedMain] o.s.b.w.embedded.tomcat.TomcatWebServer  : Tomcat initialized with port(s): 8080 (http)
2022-04-25 09:42:20.722  INFO 50756 --- [restartedMain] o.apache.catalina.core.StandardService   : Starting service [Tomcat]
2022-04-25 09:42:20.723  INFO 50756 --- [restartedMain] org.apache.catalina.core.StandardEngine  : Starting Servlet engine: [Apache Tomcat/9.0.60]
2022-04-25 09:42:21.129  INFO 50756 --- [restartedMain] org.apache.jasper.servlet.TldScanner     : At least one JAR was scanned for TLDs yet contained no TLDs. Enable debug logging for this logger for a complete list of JARs that were scanned but no TLDs were found in them. Skipping unneeded JARs during scanning can improve startup time and JSP compilation time.
2022-04-25 09:42:21.145  INFO 50756 --- [restartedMain] o.a.c.c.C.[Tomcat].[localhost].[/]       : Initializing Spring embedded WebApplicationContext
2022-04-25 09:42:21.146  INFO 50756 --- [restartedMain] w.s.c.ServletWebServerApplicationContext : Root WebApplicationContext: initialization completed in 2165 ms
2022-04-25 09:42:21.159 ERROR 50756 --- [restartedMain] o.s.b.web.embedded.tomcat.TomcatStarter  : Error starting Tomcat context. Exception: org.springframework.beans.factory.BeanCreationException. Message: Error creating bean with name 'xssEscapeServletFilter' defined in class path resource [com/bizmap/config/XssConfig.class]: Bean instantiation via factory method failed; nested exception is org.springframework.beans.BeanInstantiationException: Failed to instantiate [org.springframework.boot.web.servlet.FilterRegistrationBean]: Factory method 'xssEscapeServletFilter' threw exception; nested exception is java.lang.ExceptionInInitializerError
2022-04-25 09:42:21.185  INFO 50756 --- [restartedMain] o.apache.catalina.core.StandardService   : Stopping service [Tomcat]
2022-04-25 09:42:21.248  WARN 50756 --- [restartedMain] ConfigServletWebServerApplicationContext : Exception encountered during context initialization - cancelling refresh attempt: org.springframework.context.ApplicationContextException: Unable to start web server; nested exception is org.springframework.boot.web.server.WebServerException: Unable to start embedded Tomcat
2022-04-25 09:42:21.263  INFO 50756 --- [restartedMain] ConditionEvaluationReportLoggingListener : 

Error starting ApplicationContext. To display the conditions report re-run your application with 'debug' enabled.
2022-04-25 09:42:21.301 ERROR 50756 --- [restartedMain] o.s.boot.SpringApplication               : Application run failed

org.springframework.context.ApplicationContextException: Unable to start web server; nested exception is org.springframework.boot.web.server.WebServerException: Unable to start embedded Tomcat
	at org.springframework.boot.web.servlet.context.ServletWebServerApplicationContext.onRefresh(ServletWebServerApplicationContext.java:163) ~[spring-boot-2.6.6.jar:2.6.6]
	at org.springframework.context.support.AbstractApplicationContext.refresh(AbstractApplicationContext.java:577) ~[spring-context-5.3.18.jar:5.3.18]
	at org.springframework.boot.web.servlet.context.ServletWebServerApplicationContext.refresh(ServletWebServerApplicationContext.java:145) ~[spring-boot-2.6.6.jar:2.6.6]
	at org.springframework.boot.SpringApplication.refresh(SpringApplication.java:740) ~[spring-boot-2.6.6.jar:2.6.6]
	at org.springframework.boot.SpringApplication.refreshContext(SpringApplication.java:415) ~[spring-boot-2.6.6.jar:2.6.6]
	at org.springframework.boot.SpringApplication.run(SpringApplication.java:303) ~[spring-boot-2.6.6.jar:2.6.6]
	at org.springframework.boot.SpringApplication.run(SpringApplication.java:1312) ~[spring-boot-2.6.6.jar:2.6.6]
	at org.springframework.boot.SpringApplication.run(SpringApplication.java:1301) ~[spring-boot-2.6.6.jar:2.6.6]
	at com.bizmap.BizmapApplication.main(BizmapApplication.java:19) ~[classes/:na]
	at java.base/jdk.internal.reflect.NativeMethodAccessorImpl.invoke0(Native Method) ~[na:na]
	at java.base/jdk.internal.reflect.NativeMethodAccessorImpl.invoke(NativeMethodAccessorImpl.java:78) ~[na:na]
	at java.base/jdk.internal.reflect.DelegatingMethodAccessorImpl.invoke(DelegatingMethodAccessorImpl.java:43) ~[na:na]
	at java.base/java.lang.reflect.Method.invoke(Method.java:567) ~[na:na]
	at org.springframework.boot.devtools.restart.RestartLauncher.run(RestartLauncher.java:49) ~[spring-boot-devtools-2.6.6.jar:2.6.6]
Caused by: org.springframework.boot.web.server.WebServerException: Unable to start embedded Tomcat
	at org.springframework.boot.web.embedded.tomcat.TomcatWebServer.initialize(TomcatWebServer.java:142) ~[spring-boot-2.6.6.jar:2.6.6]
	at org.springframework.boot.web.embedded.tomcat.TomcatWebServer.<init>(TomcatWebServer.java:104) ~[spring-boot-2.6.6.jar:2.6.6]
	at org.springframework.boot.web.embedded.tomcat.TomcatServletWebServerFactory.getTomcatWebServer(TomcatServletWebServerFactory.java:478) ~[spring-boot-2.6.6.jar:2.6.6]
	at org.springframework.boot.web.embedded.tomcat.TomcatServletWebServerFactory.getWebServer(TomcatServletWebServerFactory.java:211) ~[spring-boot-2.6.6.jar:2.6.6]
	at org.springframework.boot.web.servlet.context.ServletWebServerApplicationContext.createWebServer(ServletWebServerApplicationContext.java:182) ~[spring-boot-2.6.6.jar:2.6.6]
	at org.springframework.boot.web.servlet.context.ServletWebServerApplicationContext.onRefresh(ServletWebServerApplicationContext.java:160) ~[spring-boot-2.6.6.jar:2.6.6]
	... 13 common frames omitted
Caused by: org.springframework.beans.factory.BeanCreationException: Error creating bean with name 'xssEscapeServletFilter' defined in class path resource [com/bizmap/config/XssConfig.class]: Bean instantiation via factory method failed; nested exception is org.springframework.beans.BeanInstantiationException: Failed to instantiate [org.springframework.boot.web.servlet.FilterRegistrationBean]: Factory method 'xssEscapeServletFilter' threw exception; nested exception is java.lang.ExceptionInInitializerError
	at org.springframework.beans.factory.support.ConstructorResolver.instantiate(ConstructorResolver.java:658) ~[spring-beans-5.3.18.jar:5.3.18]
	at org.springframework.beans.factory.support.ConstructorResolver.instantiateUsingFactoryMethod(ConstructorResolver.java:486) ~[spring-beans-5.3.18.jar:5.3.18]
	at org.springframework.beans.factory.support.AbstractAutowireCapableBeanFactory.instantiateUsingFactoryMethod(AbstractAutowireCapableBeanFactory.java:1352) ~[spring-beans-5.3.18.jar:5.3.18]
	at org.springframework.beans.factory.support.AbstractAutowireCapableBeanFactory.createBeanInstance(AbstractAutowireCapableBeanFactory.java:1195) ~[spring-beans-5.3.18.jar:5.3.18]
	at org.springframework.beans.factory.support.AbstractAutowireCapableBeanFactory.doCreateBean(AbstractAutowireCapableBeanFactory.java:582) ~[spring-beans-5.3.18.jar:5.3.18]
	at org.springframework.beans.factory.support.AbstractAutowireCapableBeanFactory.createBean(AbstractAutowireCapableBeanFactory.java:542) ~[spring-beans-5.3.18.jar:5.3.18]
	at org.springframework.beans.factory.support.AbstractBeanFactory.lambda$doGetBean$0(AbstractBeanFactory.java:335) ~[spring-beans-5.3.18.jar:5.3.18]
	at org.springframework.beans.factory.support.DefaultSingletonBeanRegistry.getSingleton(DefaultSingletonBeanRegistry.java:234) ~[spring-beans-5.3.18.jar:5.3.18]
	at org.springframework.beans.factory.support.AbstractBeanFactory.doGetBean(AbstractBeanFactory.java:333) ~[spring-beans-5.3.18.jar:5.3.18]
	at org.springframework.beans.factory.support.AbstractBeanFactory.getBean(AbstractBeanFactory.java:213) ~[spring-beans-5.3.18.jar:5.3.18]
	at org.springframework.boot.web.servlet.ServletContextInitializerBeans.getOrderedBeansOfType(ServletContextInitializerBeans.java:212) ~[spring-boot-2.6.6.jar:2.6.6]
	at org.springframework.boot.web.servlet.ServletContextInitializerBeans.getOrderedBeansOfType(ServletContextInitializerBeans.java:203) ~[spring-boot-2.6.6.jar:2.6.6]
	at org.springframework.boot.web.servlet.ServletContextInitializerBeans.addServletContextInitializerBeans(ServletContextInitializerBeans.java:97) ~[spring-boot-2.6.6.jar:2.6.6]
	at org.springframework.boot.web.servlet.ServletContextInitializerBeans.<init>(ServletContextInitializerBeans.java:86) ~[spring-boot-2.6.6.jar:2.6.6]
	at org.springframework.boot.web.servlet.context.ServletWebServerApplicationContext.getServletContextInitializerBeans(ServletWebServerApplicationContext.java:260) ~[spring-boot-2.6.6.jar:2.6.6]
	at org.springframework.boot.web.servlet.context.ServletWebServerApplicationContext.selfInitialize(ServletWebServerApplicationContext.java:234) ~[spring-boot-2.6.6.jar:2.6.6]
	at org.springframework.boot.web.embedded.tomcat.TomcatStarter.onStartup(TomcatStarter.java:53) ~[spring-boot-2.6.6.jar:2.6.6]
	at org.apache.catalina.core.StandardContext.startInternal(StandardContext.java:5219) ~[tomcat-embed-core-9.0.60.jar:9.0.60]
	at org.apache.catalina.util.LifecycleBase.start(LifecycleBase.java:183) ~[tomcat-embed-core-9.0.60.jar:9.0.60]
	at org.apache.catalina.core.ContainerBase$StartChild.call(ContainerBase.java:1396) ~[tomcat-embed-core-9.0.60.jar:9.0.60]
	at org.apache.catalina.core.ContainerBase$StartChild.call(ContainerBase.java:1386) ~[tomcat-embed-core-9.0.60.jar:9.0.60]
	at java.base/java.util.concurrent.FutureTask.run$$$capture(FutureTask.java:264) ~[na:na]
	at java.base/java.util.concurrent.FutureTask.run(FutureTask.java) ~[na:na]
	at org.apache.tomcat.util.threads.InlineExecutorService.execute(InlineExecutorService.java:75) ~[tomcat-embed-core-9.0.60.jar:9.0.60]
	at java.base/java.util.concurrent.AbstractExecutorService.submit(AbstractExecutorService.java:145) ~[na:na]
	at org.apache.catalina.core.ContainerBase.startInternal(ContainerBase.java:919) ~[tomcat-embed-core-9.0.60.jar:9.0.60]
	at org.apache.catalina.core.StandardHost.startInternal(StandardHost.java:835) ~[tomcat-embed-core-9.0.60.jar:9.0.60]
	at org.apache.catalina.util.LifecycleBase.start(LifecycleBase.java:183) ~[tomcat-embed-core-9.0.60.jar:9.0.60]
	at org.apache.catalina.core.ContainerBase$StartChild.call(ContainerBase.java:1396) ~[tomcat-embed-core-9.0.60.jar:9.0.60]
	at org.apache.catalina.core.ContainerBase$StartChild.call(ContainerBase.java:1386) ~[tomcat-embed-core-9.0.60.jar:9.0.60]
	at java.base/java.util.concurrent.FutureTask.run$$$capture(FutureTask.java:264) ~[na:na]
	at java.base/java.util.concurrent.FutureTask.run(FutureTask.java) ~[na:na]
	at org.apache.tomcat.util.threads.InlineExecutorService.execute(InlineExecutorService.java:75) ~[tomcat-embed-core-9.0.60.jar:9.0.60]
	at java.base/java.util.concurrent.AbstractExecutorService.submit(AbstractExecutorService.java:145) ~[na:na]
	at org.apache.catalina.core.ContainerBase.startInternal(ContainerBase.java:919) ~[tomcat-embed-core-9.0.60.jar:9.0.60]
	at org.apache.catalina.core.StandardEngine.startInternal(StandardEngine.java:263) ~[tomcat-embed-core-9.0.60.jar:9.0.60]
	at org.apache.catalina.util.LifecycleBase.start(LifecycleBase.java:183) ~[tomcat-embed-core-9.0.60.jar:9.0.60]
	at org.apache.catalina.core.StandardService.startInternal(StandardService.java:432) ~[tomcat-embed-core-9.0.60.jar:9.0.60]
	at org.apache.catalina.util.LifecycleBase.start(LifecycleBase.java:183) ~[tomcat-embed-core-9.0.60.jar:9.0.60]
	at org.apache.catalina.core.StandardServer.startInternal(StandardServer.java:927) ~[tomcat-embed-core-9.0.60.jar:9.0.60]
	at org.apache.catalina.util.LifecycleBase.start(LifecycleBase.java:183) ~[tomcat-embed-core-9.0.60.jar:9.0.60]
	at org.apache.catalina.startup.Tomcat.start(Tomcat.java:486) ~[tomcat-embed-core-9.0.60.jar:9.0.60]
	at org.springframework.boot.web.embedded.tomcat.TomcatWebServer.initialize(TomcatWebServer.java:123) ~[spring-boot-2.6.6.jar:2.6.6]
	... 18 common frames omitted
Caused by: org.springframework.beans.BeanInstantiationException: Failed to instantiate [org.springframework.boot.web.servlet.FilterRegistrationBean]: Factory method 'xssEscapeServletFilter' threw exception; nested exception is java.lang.ExceptionInInitializerError
	at org.springframework.beans.factory.support.SimpleInstantiationStrategy.instantiate(SimpleInstantiationStrategy.java:185) ~[spring-beans-5.3.18.jar:5.3.18]
	at org.springframework.beans.factory.support.ConstructorResolver.instantiate(ConstructorResolver.java:653) ~[spring-beans-5.3.18.jar:5.3.18]
	... 60 common frames omitted
Caused by: java.lang.ExceptionInInitializerError: null
	at com.navercorp.lucy.security.xss.servletfilter.XssEscapeFilter.<clinit>(XssEscapeFilter.java:38) ~[lucy-xss-servlet-2.0.0.jar:na]
	at com.navercorp.lucy.security.xss.servletfilter.XssEscapeServletFilter.<init>(XssEscapeServletFilter.java:28) ~[lucy-xss-servlet-2.0.0.jar:na]
	at com.bizmap.config.XssConfig.xssEscapeServletFilter(XssConfig.java:14) ~[classes/:na]
	at com.bizmap.config.XssConfig$$EnhancerBySpringCGLIB$$ec434da0.CGLIB$xssEscapeServletFilter$0(<generated>) ~[classes/:na]
	at com.bizmap.config.XssConfig$$EnhancerBySpringCGLIB$$ec434da0$$FastClassBySpringCGLIB$$fc08dbcf.invoke(<generated>) ~[classes/:na]
	at org.springframework.cglib.proxy.MethodProxy.invokeSuper(MethodProxy.java:244) ~[spring-core-5.3.18.jar:5.3.18]
	at org.springframework.context.annotation.ConfigurationClassEnhancer$BeanMethodInterceptor.intercept(ConfigurationClassEnhancer.java:331) ~[spring-context-5.3.18.jar:5.3.18]
	at com.bizmap.config.XssConfig$$EnhancerBySpringCGLIB$$ec434da0.xssEscapeServletFilter(<generated>) ~[classes/:na]
	at java.base/jdk.internal.reflect.NativeMethodAccessorImpl.invoke0(Native Method) ~[na:na]
	at java.base/jdk.internal.reflect.NativeMethodAccessorImpl.invoke(NativeMethodAccessorImpl.java:78) ~[na:na]
	at java.base/jdk.internal.reflect.DelegatingMethodAccessorImpl.invoke(DelegatingMethodAccessorImpl.java:43) ~[na:na]
	at java.base/java.lang.reflect.Method.invoke(Method.java:567) ~[na:na]
	at org.springframework.beans.factory.support.SimpleInstantiationStrategy.instantiate(SimpleInstantiationStrategy.java:154) ~[spring-beans-5.3.18.jar:5.3.18]
	... 61 common frames omitted
Caused by: java.lang.IllegalStateException: Cannot parse the RequestParam configuration file [lucy-xss-servlet-filter-rule.xml].
	at com.navercorp.lucy.security.xss.servletfilter.XssEscapeFilterConfig.<init>(XssEscapeFilterConfig.java:83) ~[lucy-xss-servlet-2.0.0.jar:na]
	at com.navercorp.lucy.security.xss.servletfilter.XssEscapeFilterConfig.<init>(XssEscapeFilterConfig.java:53) ~[lucy-xss-servlet-2.0.0.jar:na]
	at com.navercorp.lucy.security.xss.servletfilter.XssEscapeFilter.<init>(XssEscapeFilter.java:46) ~[lucy-xss-servlet-2.0.0.jar:na]
	at com.navercorp.lucy.security.xss.servletfilter.XssEscapeFilter.<clinit>(XssEscapeFilter.java:36) ~[lucy-xss-servlet-2.0.0.jar:na]
	... 73 common frames omitted
Caused by: java.lang.IllegalArgumentException: InputStream cannot be null
	at java.xml/javax.xml.parsers.DocumentBuilder.parse(DocumentBuilder.java:118) ~[na:na]
	at com.navercorp.lucy.security.xss.servletfilter.XssEscapeFilterConfig.<init>(XssEscapeFilterConfig.java:67) ~[lucy-xss-servlet-2.0.0.jar:na]
	... 76 common frames omitted

2022-04-25 09:46:02.027  INFO 59244 --- [restartedMain] com.bizmap.BizmapApplication             : Starting BizmapApplication using Java 16.0.2 on DESKTOP-DASPO1L with PID 59244 (F:\nice\BizmapSpringBoot\target\classes started by NICE in F:\nice\BizmapSpringBoot)
2022-04-25 09:46:02.032 DEBUG 59244 --- [restartedMain] com.bizmap.BizmapApplication             : Running with Spring Boot v2.6.6, Spring v5.3.18
2022-04-25 09:46:02.033  INFO 59244 --- [restartedMain] com.bizmap.BizmapApplication             : No active profile set, falling back to 1 default profile: "default"
2022-04-25 09:46:02.135  INFO 59244 --- [restartedMain] .e.DevToolsPropertyDefaultsPostProcessor : Devtools property defaults active! Set 'spring.devtools.add-properties' to 'false' to disable
2022-04-25 09:46:02.136  INFO 59244 --- [restartedMain] .e.DevToolsPropertyDefaultsPostProcessor : For additional web related logging consider setting the 'logging.level.web' property to 'DEBUG'
2022-04-25 09:46:03.411  INFO 59244 --- [restartedMain] o.s.b.w.embedded.tomcat.TomcatWebServer  : Tomcat initialized with port(s): 8080 (http)
2022-04-25 09:46:03.422  INFO 59244 --- [restartedMain] o.apache.catalina.core.StandardService   : Starting service [Tomcat]
2022-04-25 09:46:03.422  INFO 59244 --- [restartedMain] org.apache.catalina.core.StandardEngine  : Starting Servlet engine: [Apache Tomcat/9.0.60]
2022-04-25 09:46:03.531  INFO 59244 --- [restartedMain] o.a.c.c.C.[Tomcat].[localhost].[/]       : Initializing Spring embedded WebApplicationContext
2022-04-25 09:46:03.532  INFO 59244 --- [restartedMain] w.s.c.ServletWebServerApplicationContext : Root WebApplicationContext: initialization completed in 1393 ms
2022-04-25 09:46:03.789  INFO 59244 --- [restartedMain] o.s.b.a.w.s.WelcomePageHandlerMapping    : Adding welcome page: class path resource [static/index.html]
2022-04-25 09:46:03.937  INFO 59244 --- [restartedMain] o.s.b.d.a.OptionalLiveReloadServer       : LiveReload server is running on port 35729
2022-04-25 09:46:03.985  INFO 59244 --- [restartedMain] o.s.b.w.embedded.tomcat.TomcatWebServer  : Tomcat started on port(s): 8080 (http) with context path ''
2022-04-25 09:46:03.997  INFO 59244 --- [restartedMain] com.bizmap.BizmapApplication             : Started BizmapApplication in 2.693 seconds (JVM running for 4.959)
2022-04-25 09:47:50.243  INFO 58084 --- [restartedMain] com.bizmap.BizmapApplication             : Starting BizmapApplication using Java 16.0.2 on DESKTOP-DASPO1L with PID 58084 (F:\nice\BizmapSpringBoot\target\classes started by NICE in F:\nice\BizmapSpringBoot)
2022-04-25 09:47:50.245 DEBUG 58084 --- [restartedMain] com.bizmap.BizmapApplication             : Running with Spring Boot v2.6.6, Spring v5.3.18
2022-04-25 09:47:50.246  INFO 58084 --- [restartedMain] com.bizmap.BizmapApplication             : No active profile set, falling back to 1 default profile: "default"
2022-04-25 09:47:50.325  INFO 58084 --- [restartedMain] .e.DevToolsPropertyDefaultsPostProcessor : Devtools property defaults active! Set 'spring.devtools.add-properties' to 'false' to disable
2022-04-25 09:47:50.326  INFO 58084 --- [restartedMain] .e.DevToolsPropertyDefaultsPostProcessor : For additional web related logging consider setting the 'logging.level.web' property to 'DEBUG'
2022-04-25 09:47:51.686  INFO 58084 --- [restartedMain] o.s.b.w.embedded.tomcat.TomcatWebServer  : Tomcat initialized with port(s): 8080 (http)
2022-04-25 09:47:51.699  INFO 58084 --- [restartedMain] o.apache.catalina.core.StandardService   : Starting service [Tomcat]
2022-04-25 09:47:51.700  INFO 58084 --- [restartedMain] org.apache.catalina.core.StandardEngine  : Starting Servlet engine: [Apache Tomcat/9.0.60]
2022-04-25 09:47:52.104  INFO 58084 --- [restartedMain] org.apache.jasper.servlet.TldScanner     : At least one JAR was scanned for TLDs yet contained no TLDs. Enable debug logging for this logger for a complete list of JARs that were scanned but no TLDs were found in them. Skipping unneeded JARs during scanning can improve startup time and JSP compilation time.
2022-04-25 09:47:52.119  INFO 58084 --- [restartedMain] o.a.c.c.C.[Tomcat].[localhost].[/]       : Initializing Spring embedded WebApplicationContext
2022-04-25 09:47:52.120  INFO 58084 --- [restartedMain] w.s.c.ServletWebServerApplicationContext : Root WebApplicationContext: initialization completed in 1792 ms
2022-04-25 09:47:52.386  INFO 58084 --- [restartedMain] o.s.b.a.w.s.WelcomePageHandlerMapping    : Adding welcome page: class path resource [static/index.html]
2022-04-25 09:47:52.560  INFO 58084 --- [restartedMain] o.s.b.d.a.OptionalLiveReloadServer       : LiveReload server is running on port 35729
2022-04-25 09:47:52.631  INFO 58084 --- [restartedMain] o.s.b.w.embedded.tomcat.TomcatWebServer  : Tomcat started on port(s): 8080 (http) with context path ''
2022-04-25 09:47:52.653  INFO 58084 --- [restartedMain] com.bizmap.BizmapApplication             : Started BizmapApplication in 2.92 seconds (JVM running for 5.201)
2022-04-25 09:48:00.777  INFO 58084 --- [http-nio-8080-exec-1] o.a.c.c.C.[Tomcat].[localhost].[/]       : Initializing Spring DispatcherServlet 'dispatcherServlet'
2022-04-25 09:48:00.777  INFO 58084 --- [http-nio-8080-exec-1] o.s.web.servlet.DispatcherServlet        : Initializing Servlet 'dispatcherServlet'
2022-04-25 09:48:00.778  INFO 58084 --- [http-nio-8080-exec-1] o.s.web.servlet.DispatcherServlet        : Completed initialization in 1 ms
2022-04-25 09:50:16.168  INFO 47024 --- [restartedMain] com.bizmap.BizmapApplication             : Starting BizmapApplication using Java 16.0.2 on DESKTOP-DASPO1L with PID 47024 (F:\nice\BizmapSpringBoot\target\classes started by NICE in F:\nice\BizmapSpringBoot)
2022-04-25 09:50:16.170 DEBUG 47024 --- [restartedMain] com.bizmap.BizmapApplication             : Running with Spring Boot v2.6.6, Spring v5.3.18
2022-04-25 09:50:16.171  INFO 47024 --- [restartedMain] com.bizmap.BizmapApplication             : No active profile set, falling back to 1 default profile: "default"
2022-04-25 09:50:16.244  INFO 47024 --- [restartedMain] .e.DevToolsPropertyDefaultsPostProcessor : Devtools property defaults active! Set 'spring.devtools.add-properties' to 'false' to disable
2022-04-25 09:50:16.245  INFO 47024 --- [restartedMain] .e.DevToolsPropertyDefaultsPostProcessor : For additional web related logging consider setting the 'logging.level.web' property to 'DEBUG'
2022-04-25 09:50:17.094  INFO 47024 --- [restartedMain] .s.d.r.c.RepositoryConfigurationDelegate : Bootstrapping Spring Data JPA repositories in DEFAULT mode.
2022-04-25 09:50:17.168  INFO 47024 --- [restartedMain] .s.d.r.c.RepositoryConfigurationDelegate : Finished Spring Data repository scanning in 63 ms. Found 1 JPA repository interfaces.
2022-04-25 09:50:17.928  INFO 47024 --- [restartedMain] o.s.b.w.embedded.tomcat.TomcatWebServer  : Tomcat initialized with port(s): 8080 (http)
2022-04-25 09:50:17.939  INFO 47024 --- [restartedMain] o.apache.catalina.core.StandardService   : Starting service [Tomcat]
2022-04-25 09:50:17.940  INFO 47024 --- [restartedMain] org.apache.catalina.core.StandardEngine  : Starting Servlet engine: [Apache Tomcat/9.0.60]
2022-04-25 09:50:18.318  INFO 47024 --- [restartedMain] org.apache.jasper.servlet.TldScanner     : At least one JAR was scanned for TLDs yet contained no TLDs. Enable debug logging for this logger for a complete list of JARs that were scanned but no TLDs were found in them. Skipping unneeded JARs during scanning can improve startup time and JSP compilation time.
2022-04-25 09:50:18.333  INFO 47024 --- [restartedMain] o.a.c.c.C.[Tomcat].[localhost].[/]       : Initializing Spring embedded WebApplicationContext
2022-04-25 09:50:18.334  INFO 47024 --- [restartedMain] w.s.c.ServletWebServerApplicationContext : Root WebApplicationContext: initialization completed in 2088 ms
2022-04-25 09:50:18.359 ERROR 47024 --- [restartedMain] o.s.b.web.embedded.tomcat.TomcatStarter  : Error starting Tomcat context. Exception: org.springframework.beans.factory.BeanCreationException. Message: Error creating bean with name 'xssEscapeServletFilter' defined in class path resource [com/bizmap/config/XssConfig.class]: Bean instantiation via factory method failed; nested exception is org.springframework.beans.BeanInstantiationException: Failed to instantiate [org.springframework.boot.web.servlet.FilterRegistrationBean]: Factory method 'xssEscapeServletFilter' threw exception; nested exception is java.lang.ExceptionInInitializerError
2022-04-25 09:50:18.381  INFO 47024 --- [restartedMain] o.apache.catalina.core.StandardService   : Stopping service [Tomcat]
2022-04-25 09:50:18.442  WARN 47024 --- [restartedMain] ConfigServletWebServerApplicationContext : Exception encountered during context initialization - cancelling refresh attempt: org.springframework.context.ApplicationContextException: Unable to start web server; nested exception is org.springframework.boot.web.server.WebServerException: Unable to start embedded Tomcat
2022-04-25 09:50:18.454  INFO 47024 --- [restartedMain] ConditionEvaluationReportLoggingListener : 

Error starting ApplicationContext. To display the conditions report re-run your application with 'debug' enabled.
2022-04-25 09:50:18.495 ERROR 47024 --- [restartedMain] o.s.boot.SpringApplication               : Application run failed

org.springframework.context.ApplicationContextException: Unable to start web server; nested exception is org.springframework.boot.web.server.WebServerException: Unable to start embedded Tomcat
	at org.springframework.boot.web.servlet.context.ServletWebServerApplicationContext.onRefresh(ServletWebServerApplicationContext.java:163) ~[spring-boot-2.6.6.jar:2.6.6]
	at org.springframework.context.support.AbstractApplicationContext.refresh(AbstractApplicationContext.java:577) ~[spring-context-5.3.18.jar:5.3.18]
	at org.springframework.boot.web.servlet.context.ServletWebServerApplicationContext.refresh(ServletWebServerApplicationContext.java:145) ~[spring-boot-2.6.6.jar:2.6.6]
	at org.springframework.boot.SpringApplication.refresh(SpringApplication.java:740) ~[spring-boot-2.6.6.jar:2.6.6]
	at org.springframework.boot.SpringApplication.refreshContext(SpringApplication.java:415) ~[spring-boot-2.6.6.jar:2.6.6]
	at org.springframework.boot.SpringApplication.run(SpringApplication.java:303) ~[spring-boot-2.6.6.jar:2.6.6]
	at org.springframework.boot.SpringApplication.run(SpringApplication.java:1312) ~[spring-boot-2.6.6.jar:2.6.6]
	at org.springframework.boot.SpringApplication.run(SpringApplication.java:1301) ~[spring-boot-2.6.6.jar:2.6.6]
	at com.bizmap.BizmapApplication.main(BizmapApplication.java:14) ~[classes/:na]
	at java.base/jdk.internal.reflect.NativeMethodAccessorImpl.invoke0(Native Method) ~[na:na]
	at java.base/jdk.internal.reflect.NativeMethodAccessorImpl.invoke(NativeMethodAccessorImpl.java:78) ~[na:na]
	at java.base/jdk.internal.reflect.DelegatingMethodAccessorImpl.invoke(DelegatingMethodAccessorImpl.java:43) ~[na:na]
	at java.base/java.lang.reflect.Method.invoke(Method.java:567) ~[na:na]
	at org.springframework.boot.devtools.restart.RestartLauncher.run(RestartLauncher.java:49) ~[spring-boot-devtools-2.6.6.jar:2.6.6]
Caused by: org.springframework.boot.web.server.WebServerException: Unable to start embedded Tomcat
	at org.springframework.boot.web.embedded.tomcat.TomcatWebServer.initialize(TomcatWebServer.java:142) ~[spring-boot-2.6.6.jar:2.6.6]
	at org.springframework.boot.web.embedded.tomcat.TomcatWebServer.<init>(TomcatWebServer.java:104) ~[spring-boot-2.6.6.jar:2.6.6]
	at org.springframework.boot.web.embedded.tomcat.TomcatServletWebServerFactory.getTomcatWebServer(TomcatServletWebServerFactory.java:478) ~[spring-boot-2.6.6.jar:2.6.6]
	at org.springframework.boot.web.embedded.tomcat.TomcatServletWebServerFactory.getWebServer(TomcatServletWebServerFactory.java:211) ~[spring-boot-2.6.6.jar:2.6.6]
	at org.springframework.boot.web.servlet.context.ServletWebServerApplicationContext.createWebServer(ServletWebServerApplicationContext.java:182) ~[spring-boot-2.6.6.jar:2.6.6]
	at org.springframework.boot.web.servlet.context.ServletWebServerApplicationContext.onRefresh(ServletWebServerApplicationContext.java:160) ~[spring-boot-2.6.6.jar:2.6.6]
	... 13 common frames omitted
Caused by: org.springframework.beans.factory.BeanCreationException: Error creating bean with name 'xssEscapeServletFilter' defined in class path resource [com/bizmap/config/XssConfig.class]: Bean instantiation via factory method failed; nested exception is org.springframework.beans.BeanInstantiationException: Failed to instantiate [org.springframework.boot.web.servlet.FilterRegistrationBean]: Factory method 'xssEscapeServletFilter' threw exception; nested exception is java.lang.ExceptionInInitializerError
	at org.springframework.beans.factory.support.ConstructorResolver.instantiate(ConstructorResolver.java:658) ~[spring-beans-5.3.18.jar:5.3.18]
	at org.springframework.beans.factory.support.ConstructorResolver.instantiateUsingFactoryMethod(ConstructorResolver.java:486) ~[spring-beans-5.3.18.jar:5.3.18]
	at org.springframework.beans.factory.support.AbstractAutowireCapableBeanFactory.instantiateUsingFactoryMethod(AbstractAutowireCapableBeanFactory.java:1352) ~[spring-beans-5.3.18.jar:5.3.18]
	at org.springframework.beans.factory.support.AbstractAutowireCapableBeanFactory.createBeanInstance(AbstractAutowireCapableBeanFactory.java:1195) ~[spring-beans-5.3.18.jar:5.3.18]
	at org.springframework.beans.factory.support.AbstractAutowireCapableBeanFactory.doCreateBean(AbstractAutowireCapableBeanFactory.java:582) ~[spring-beans-5.3.18.jar:5.3.18]
	at org.springframework.beans.factory.support.AbstractAutowireCapableBeanFactory.createBean(AbstractAutowireCapableBeanFactory.java:542) ~[spring-beans-5.3.18.jar:5.3.18]
	at org.springframework.beans.factory.support.AbstractBeanFactory.lambda$doGetBean$0(AbstractBeanFactory.java:335) ~[spring-beans-5.3.18.jar:5.3.18]
	at org.springframework.beans.factory.support.DefaultSingletonBeanRegistry.getSingleton(DefaultSingletonBeanRegistry.java:234) ~[spring-beans-5.3.18.jar:5.3.18]
	at org.springframework.beans.factory.support.AbstractBeanFactory.doGetBean(AbstractBeanFactory.java:333) ~[spring-beans-5.3.18.jar:5.3.18]
	at org.springframework.beans.factory.support.AbstractBeanFactory.getBean(AbstractBeanFactory.java:213) ~[spring-beans-5.3.18.jar:5.3.18]
	at org.springframework.boot.web.servlet.ServletContextInitializerBeans.getOrderedBeansOfType(ServletContextInitializerBeans.java:212) ~[spring-boot-2.6.6.jar:2.6.6]
	at org.springframework.boot.web.servlet.ServletContextInitializerBeans.getOrderedBeansOfType(ServletContextInitializerBeans.java:203) ~[spring-boot-2.6.6.jar:2.6.6]
	at org.springframework.boot.web.servlet.ServletContextInitializerBeans.addServletContextInitializerBeans(ServletContextInitializerBeans.java:97) ~[spring-boot-2.6.6.jar:2.6.6]
	at org.springframework.boot.web.servlet.ServletContextInitializerBeans.<init>(ServletContextInitializerBeans.java:86) ~[spring-boot-2.6.6.jar:2.6.6]
	at org.springframework.boot.web.servlet.context.ServletWebServerApplicationContext.getServletContextInitializerBeans(ServletWebServerApplicationContext.java:260) ~[spring-boot-2.6.6.jar:2.6.6]
	at org.springframework.boot.web.servlet.context.ServletWebServerApplicationContext.selfInitialize(ServletWebServerApplicationContext.java:234) ~[spring-boot-2.6.6.jar:2.6.6]
	at org.springframework.boot.web.embedded.tomcat.TomcatStarter.onStartup(TomcatStarter.java:53) ~[spring-boot-2.6.6.jar:2.6.6]
	at org.apache.catalina.core.StandardContext.startInternal(StandardContext.java:5219) ~[tomcat-embed-core-9.0.60.jar:9.0.60]
	at org.apache.catalina.util.LifecycleBase.start(LifecycleBase.java:183) ~[tomcat-embed-core-9.0.60.jar:9.0.60]
	at org.apache.catalina.core.ContainerBase$StartChild.call(ContainerBase.java:1396) ~[tomcat-embed-core-9.0.60.jar:9.0.60]
	at org.apache.catalina.core.ContainerBase$StartChild.call(ContainerBase.java:1386) ~[tomcat-embed-core-9.0.60.jar:9.0.60]
	at java.base/java.util.concurrent.FutureTask.run$$$capture(FutureTask.java:264) ~[na:na]
	at java.base/java.util.concurrent.FutureTask.run(FutureTask.java) ~[na:na]
	at org.apache.tomcat.util.threads.InlineExecutorService.execute(InlineExecutorService.java:75) ~[tomcat-embed-core-9.0.60.jar:9.0.60]
	at java.base/java.util.concurrent.AbstractExecutorService.submit(AbstractExecutorService.java:145) ~[na:na]
	at org.apache.catalina.core.ContainerBase.startInternal(ContainerBase.java:919) ~[tomcat-embed-core-9.0.60.jar:9.0.60]
	at org.apache.catalina.core.StandardHost.startInternal(StandardHost.java:835) ~[tomcat-embed-core-9.0.60.jar:9.0.60]
	at org.apache.catalina.util.LifecycleBase.start(LifecycleBase.java:183) ~[tomcat-embed-core-9.0.60.jar:9.0.60]
	at org.apache.catalina.core.ContainerBase$StartChild.call(ContainerBase.java:1396) ~[tomcat-embed-core-9.0.60.jar:9.0.60]
	at org.apache.catalina.core.ContainerBase$StartChild.call(ContainerBase.java:1386) ~[tomcat-embed-core-9.0.60.jar:9.0.60]
	at java.base/java.util.concurrent.FutureTask.run$$$capture(FutureTask.java:264) ~[na:na]
	at java.base/java.util.concurrent.FutureTask.run(FutureTask.java) ~[na:na]
	at org.apache.tomcat.util.threads.InlineExecutorService.execute(InlineExecutorService.java:75) ~[tomcat-embed-core-9.0.60.jar:9.0.60]
	at java.base/java.util.concurrent.AbstractExecutorService.submit(AbstractExecutorService.java:145) ~[na:na]
	at org.apache.catalina.core.ContainerBase.startInternal(ContainerBase.java:919) ~[tomcat-embed-core-9.0.60.jar:9.0.60]
	at org.apache.catalina.core.StandardEngine.startInternal(StandardEngine.java:263) ~[tomcat-embed-core-9.0.60.jar:9.0.60]
	at org.apache.catalina.util.LifecycleBase.start(LifecycleBase.java:183) ~[tomcat-embed-core-9.0.60.jar:9.0.60]
	at org.apache.catalina.core.StandardService.startInternal(StandardService.java:432) ~[tomcat-embed-core-9.0.60.jar:9.0.60]
	at org.apache.catalina.util.LifecycleBase.start(LifecycleBase.java:183) ~[tomcat-embed-core-9.0.60.jar:9.0.60]
	at org.apache.catalina.core.StandardServer.startInternal(StandardServer.java:927) ~[tomcat-embed-core-9.0.60.jar:9.0.60]
	at org.apache.catalina.util.LifecycleBase.start(LifecycleBase.java:183) ~[tomcat-embed-core-9.0.60.jar:9.0.60]
	at org.apache.catalina.startup.Tomcat.start(Tomcat.java:486) ~[tomcat-embed-core-9.0.60.jar:9.0.60]
	at org.springframework.boot.web.embedded.tomcat.TomcatWebServer.initialize(TomcatWebServer.java:123) ~[spring-boot-2.6.6.jar:2.6.6]
	... 18 common frames omitted
Caused by: org.springframework.beans.BeanInstantiationException: Failed to instantiate [org.springframework.boot.web.servlet.FilterRegistrationBean]: Factory method 'xssEscapeServletFilter' threw exception; nested exception is java.lang.ExceptionInInitializerError
	at org.springframework.beans.factory.support.SimpleInstantiationStrategy.instantiate(SimpleInstantiationStrategy.java:185) ~[spring-beans-5.3.18.jar:5.3.18]
	at org.springframework.beans.factory.support.ConstructorResolver.instantiate(ConstructorResolver.java:653) ~[spring-beans-5.3.18.jar:5.3.18]
	... 60 common frames omitted
Caused by: java.lang.ExceptionInInitializerError: null
	at com.navercorp.lucy.security.xss.servletfilter.XssEscapeFilter.<clinit>(XssEscapeFilter.java:38) ~[lucy-xss-servlet-2.0.0.jar:na]
	at com.navercorp.lucy.security.xss.servletfilter.XssEscapeServletFilter.<init>(XssEscapeServletFilter.java:28) ~[lucy-xss-servlet-2.0.0.jar:na]
	at com.bizmap.config.XssConfig.xssEscapeServletFilter(XssConfig.java:14) ~[classes/:na]
	at com.bizmap.config.XssConfig$$EnhancerBySpringCGLIB$$658446fd.CGLIB$xssEscapeServletFilter$0(<generated>) ~[classes/:na]
	at com.bizmap.config.XssConfig$$EnhancerBySpringCGLIB$$658446fd$$FastClassBySpringCGLIB$$6f33c74e.invoke(<generated>) ~[classes/:na]
	at org.springframework.cglib.proxy.MethodProxy.invokeSuper(MethodProxy.java:244) ~[spring-core-5.3.18.jar:5.3.18]
	at org.springframework.context.annotation.ConfigurationClassEnhancer$BeanMethodInterceptor.intercept(ConfigurationClassEnhancer.java:331) ~[spring-context-5.3.18.jar:5.3.18]
	at com.bizmap.config.XssConfig$$EnhancerBySpringCGLIB$$658446fd.xssEscapeServletFilter(<generated>) ~[classes/:na]
	at java.base/jdk.internal.reflect.NativeMethodAccessorImpl.invoke0(Native Method) ~[na:na]
	at java.base/jdk.internal.reflect.NativeMethodAccessorImpl.invoke(NativeMethodAccessorImpl.java:78) ~[na:na]
	at java.base/jdk.internal.reflect.DelegatingMethodAccessorImpl.invoke(DelegatingMethodAccessorImpl.java:43) ~[na:na]
	at java.base/java.lang.reflect.Method.invoke(Method.java:567) ~[na:na]
	at org.springframework.beans.factory.support.SimpleInstantiationStrategy.instantiate(SimpleInstantiationStrategy.java:154) ~[spring-beans-5.3.18.jar:5.3.18]
	... 61 common frames omitted
Caused by: java.lang.IllegalStateException: Cannot parse the RequestParam configuration file [lucy-xss-servlet-filter-rule.xml].
	at com.navercorp.lucy.security.xss.servletfilter.XssEscapeFilterConfig.<init>(XssEscapeFilterConfig.java:83) ~[lucy-xss-servlet-2.0.0.jar:na]
	at com.navercorp.lucy.security.xss.servletfilter.XssEscapeFilterConfig.<init>(XssEscapeFilterConfig.java:53) ~[lucy-xss-servlet-2.0.0.jar:na]
	at com.navercorp.lucy.security.xss.servletfilter.XssEscapeFilter.<init>(XssEscapeFilter.java:46) ~[lucy-xss-servlet-2.0.0.jar:na]
	at com.navercorp.lucy.security.xss.servletfilter.XssEscapeFilter.<clinit>(XssEscapeFilter.java:36) ~[lucy-xss-servlet-2.0.0.jar:na]
	... 73 common frames omitted
Caused by: java.lang.IllegalArgumentException: InputStream cannot be null
	at java.xml/javax.xml.parsers.DocumentBuilder.parse(DocumentBuilder.java:118) ~[na:na]
	at com.navercorp.lucy.security.xss.servletfilter.XssEscapeFilterConfig.<init>(XssEscapeFilterConfig.java:67) ~[lucy-xss-servlet-2.0.0.jar:na]
	... 76 common frames omitted

2022-04-25 09:57:40.581  INFO 60992 --- [restartedMain] com.bizmap.BizmapApplication             : Starting BizmapApplication using Java 16.0.2 on DESKTOP-DASPO1L with PID 60992 (F:\nice\BizmapSpringBoot\target\classes started by NICE in F:\nice\BizmapSpringBoot)
2022-04-25 09:57:40.584 DEBUG 60992 --- [restartedMain] com.bizmap.BizmapApplication             : Running with Spring Boot v2.6.6, Spring v5.3.18
2022-04-25 09:57:40.585  INFO 60992 --- [restartedMain] com.bizmap.BizmapApplication             : No active profile set, falling back to 1 default profile: "default"
2022-04-25 09:57:40.670  INFO 60992 --- [restartedMain] .e.DevToolsPropertyDefaultsPostProcessor : Devtools property defaults active! Set 'spring.devtools.add-properties' to 'false' to disable
2022-04-25 09:57:40.671  INFO 60992 --- [restartedMain] .e.DevToolsPropertyDefaultsPostProcessor : For additional web related logging consider setting the 'logging.level.web' property to 'DEBUG'
2022-04-25 09:57:41.556  INFO 60992 --- [restartedMain] .s.d.r.c.RepositoryConfigurationDelegate : Bootstrapping Spring Data JPA repositories in DEFAULT mode.
2022-04-25 09:57:41.719  INFO 60992 --- [restartedMain] .s.d.r.c.RepositoryConfigurationDelegate : Finished Spring Data repository scanning in 67 ms. Found 1 JPA repository interfaces.
2022-04-25 09:57:42.597  INFO 60992 --- [restartedMain] o.s.b.w.embedded.tomcat.TomcatWebServer  : Tomcat initialized with port(s): 8080 (http)
2022-04-25 09:57:42.609  INFO 60992 --- [restartedMain] o.apache.catalina.core.StandardService   : Starting service [Tomcat]
2022-04-25 09:57:42.610  INFO 60992 --- [restartedMain] org.apache.catalina.core.StandardEngine  : Starting Servlet engine: [Apache Tomcat/9.0.60]
2022-04-25 09:57:43.000  INFO 60992 --- [restartedMain] org.apache.jasper.servlet.TldScanner     : At least one JAR was scanned for TLDs yet contained no TLDs. Enable debug logging for this logger for a complete list of JARs that were scanned but no TLDs were found in them. Skipping unneeded JARs during scanning can improve startup time and JSP compilation time.
2022-04-25 09:57:43.015  INFO 60992 --- [restartedMain] o.a.c.c.C.[Tomcat].[localhost].[/]       : Initializing Spring embedded WebApplicationContext
2022-04-25 09:57:43.016  INFO 60992 --- [restartedMain] w.s.c.ServletWebServerApplicationContext : Root WebApplicationContext: initialization completed in 2344 ms
2022-04-25 09:57:43.039 ERROR 60992 --- [restartedMain] o.s.b.web.embedded.tomcat.TomcatStarter  : Error starting Tomcat context. Exception: org.springframework.beans.factory.BeanCreationException. Message: Error creating bean with name 'xssEscapeServletFilter' defined in class path resource [com/bizmap/config/XssConfig.class]: Bean instantiation via factory method failed; nested exception is org.springframework.beans.BeanInstantiationException: Failed to instantiate [org.springframework.boot.web.servlet.FilterRegistrationBean]: Factory method 'xssEscapeServletFilter' threw exception; nested exception is java.lang.ExceptionInInitializerError
2022-04-25 09:57:43.065  INFO 60992 --- [restartedMain] o.apache.catalina.core.StandardService   : Stopping service [Tomcat]
2022-04-25 09:57:43.134  WARN 60992 --- [restartedMain] ConfigServletWebServerApplicationContext : Exception encountered during context initialization - cancelling refresh attempt: org.springframework.context.ApplicationContextException: Unable to start web server; nested exception is org.springframework.boot.web.server.WebServerException: Unable to start embedded Tomcat
2022-04-25 09:57:43.145  INFO 60992 --- [restartedMain] ConditionEvaluationReportLoggingListener : 

Error starting ApplicationContext. To display the conditions report re-run your application with 'debug' enabled.
2022-04-25 09:57:43.181 ERROR 60992 --- [restartedMain] o.s.boot.SpringApplication               : Application run failed

org.springframework.context.ApplicationContextException: Unable to start web server; nested exception is org.springframework.boot.web.server.WebServerException: Unable to start embedded Tomcat
	at org.springframework.boot.web.servlet.context.ServletWebServerApplicationContext.onRefresh(ServletWebServerApplicationContext.java:163) ~[spring-boot-2.6.6.jar:2.6.6]
	at org.springframework.context.support.AbstractApplicationContext.refresh(AbstractApplicationContext.java:577) ~[spring-context-5.3.18.jar:5.3.18]
	at org.springframework.boot.web.servlet.context.ServletWebServerApplicationContext.refresh(ServletWebServerApplicationContext.java:145) ~[spring-boot-2.6.6.jar:2.6.6]
	at org.springframework.boot.SpringApplication.refresh(SpringApplication.java:740) ~[spring-boot-2.6.6.jar:2.6.6]
	at org.springframework.boot.SpringApplication.refreshContext(SpringApplication.java:415) ~[spring-boot-2.6.6.jar:2.6.6]
	at org.springframework.boot.SpringApplication.run(SpringApplication.java:303) ~[spring-boot-2.6.6.jar:2.6.6]
	at org.springframework.boot.SpringApplication.run(SpringApplication.java:1312) ~[spring-boot-2.6.6.jar:2.6.6]
	at org.springframework.boot.SpringApplication.run(SpringApplication.java:1301) ~[spring-boot-2.6.6.jar:2.6.6]
	at com.bizmap.BizmapApplication.main(BizmapApplication.java:14) ~[classes/:na]
	at java.base/jdk.internal.reflect.NativeMethodAccessorImpl.invoke0(Native Method) ~[na:na]
	at java.base/jdk.internal.reflect.NativeMethodAccessorImpl.invoke(NativeMethodAccessorImpl.java:78) ~[na:na]
	at java.base/jdk.internal.reflect.DelegatingMethodAccessorImpl.invoke(DelegatingMethodAccessorImpl.java:43) ~[na:na]
	at java.base/java.lang.reflect.Method.invoke(Method.java:567) ~[na:na]
	at org.springframework.boot.devtools.restart.RestartLauncher.run(RestartLauncher.java:49) ~[spring-boot-devtools-2.6.6.jar:2.6.6]
Caused by: org.springframework.boot.web.server.WebServerException: Unable to start embedded Tomcat
	at org.springframework.boot.web.embedded.tomcat.TomcatWebServer.initialize(TomcatWebServer.java:142) ~[spring-boot-2.6.6.jar:2.6.6]
	at org.springframework.boot.web.embedded.tomcat.TomcatWebServer.<init>(TomcatWebServer.java:104) ~[spring-boot-2.6.6.jar:2.6.6]
	at org.springframework.boot.web.embedded.tomcat.TomcatServletWebServerFactory.getTomcatWebServer(TomcatServletWebServerFactory.java:478) ~[spring-boot-2.6.6.jar:2.6.6]
	at org.springframework.boot.web.embedded.tomcat.TomcatServletWebServerFactory.getWebServer(TomcatServletWebServerFactory.java:211) ~[spring-boot-2.6.6.jar:2.6.6]
	at org.springframework.boot.web.servlet.context.ServletWebServerApplicationContext.createWebServer(ServletWebServerApplicationContext.java:182) ~[spring-boot-2.6.6.jar:2.6.6]
	at org.springframework.boot.web.servlet.context.ServletWebServerApplicationContext.onRefresh(ServletWebServerApplicationContext.java:160) ~[spring-boot-2.6.6.jar:2.6.6]
	... 13 common frames omitted
Caused by: org.springframework.beans.factory.BeanCreationException: Error creating bean with name 'xssEscapeServletFilter' defined in class path resource [com/bizmap/config/XssConfig.class]: Bean instantiation via factory method failed; nested exception is org.springframework.beans.BeanInstantiationException: Failed to instantiate [org.springframework.boot.web.servlet.FilterRegistrationBean]: Factory method 'xssEscapeServletFilter' threw exception; nested exception is java.lang.ExceptionInInitializerError
	at org.springframework.beans.factory.support.ConstructorResolver.instantiate(ConstructorResolver.java:658) ~[spring-beans-5.3.18.jar:5.3.18]
	at org.springframework.beans.factory.support.ConstructorResolver.instantiateUsingFactoryMethod(ConstructorResolver.java:486) ~[spring-beans-5.3.18.jar:5.3.18]
	at org.springframework.beans.factory.support.AbstractAutowireCapableBeanFactory.instantiateUsingFactoryMethod(AbstractAutowireCapableBeanFactory.java:1352) ~[spring-beans-5.3.18.jar:5.3.18]
	at org.springframework.beans.factory.support.AbstractAutowireCapableBeanFactory.createBeanInstance(AbstractAutowireCapableBeanFactory.java:1195) ~[spring-beans-5.3.18.jar:5.3.18]
	at org.springframework.beans.factory.support.AbstractAutowireCapableBeanFactory.doCreateBean(AbstractAutowireCapableBeanFactory.java:582) ~[spring-beans-5.3.18.jar:5.3.18]
	at org.springframework.beans.factory.support.AbstractAutowireCapableBeanFactory.createBean(AbstractAutowireCapableBeanFactory.java:542) ~[spring-beans-5.3.18.jar:5.3.18]
	at org.springframework.beans.factory.support.AbstractBeanFactory.lambda$doGetBean$0(AbstractBeanFactory.java:335) ~[spring-beans-5.3.18.jar:5.3.18]
	at org.springframework.beans.factory.support.DefaultSingletonBeanRegistry.getSingleton(DefaultSingletonBeanRegistry.java:234) ~[spring-beans-5.3.18.jar:5.3.18]
	at org.springframework.beans.factory.support.AbstractBeanFactory.doGetBean(AbstractBeanFactory.java:333) ~[spring-beans-5.3.18.jar:5.3.18]
	at org.springframework.beans.factory.support.AbstractBeanFactory.getBean(AbstractBeanFactory.java:213) ~[spring-beans-5.3.18.jar:5.3.18]
	at org.springframework.boot.web.servlet.ServletContextInitializerBeans.getOrderedBeansOfType(ServletContextInitializerBeans.java:212) ~[spring-boot-2.6.6.jar:2.6.6]
	at org.springframework.boot.web.servlet.ServletContextInitializerBeans.getOrderedBeansOfType(ServletContextInitializerBeans.java:203) ~[spring-boot-2.6.6.jar:2.6.6]
	at org.springframework.boot.web.servlet.ServletContextInitializerBeans.addServletContextInitializerBeans(ServletContextInitializerBeans.java:97) ~[spring-boot-2.6.6.jar:2.6.6]
	at org.springframework.boot.web.servlet.ServletContextInitializerBeans.<init>(ServletContextInitializerBeans.java:86) ~[spring-boot-2.6.6.jar:2.6.6]
	at org.springframework.boot.web.servlet.context.ServletWebServerApplicationContext.getServletContextInitializerBeans(ServletWebServerApplicationContext.java:260) ~[spring-boot-2.6.6.jar:2.6.6]
	at org.springframework.boot.web.servlet.context.ServletWebServerApplicationContext.selfInitialize(ServletWebServerApplicationContext.java:234) ~[spring-boot-2.6.6.jar:2.6.6]
	at org.springframework.boot.web.embedded.tomcat.TomcatStarter.onStartup(TomcatStarter.java:53) ~[spring-boot-2.6.6.jar:2.6.6]
	at org.apache.catalina.core.StandardContext.startInternal(StandardContext.java:5219) ~[tomcat-embed-core-9.0.60.jar:9.0.60]
	at org.apache.catalina.util.LifecycleBase.start(LifecycleBase.java:183) ~[tomcat-embed-core-9.0.60.jar:9.0.60]
	at org.apache.catalina.core.ContainerBase$StartChild.call(ContainerBase.java:1396) ~[tomcat-embed-core-9.0.60.jar:9.0.60]
	at org.apache.catalina.core.ContainerBase$StartChild.call(ContainerBase.java:1386) ~[tomcat-embed-core-9.0.60.jar:9.0.60]
	at java.base/java.util.concurrent.FutureTask.run$$$capture(FutureTask.java:264) ~[na:na]
	at java.base/java.util.concurrent.FutureTask.run(FutureTask.java) ~[na:na]
	at org.apache.tomcat.util.threads.InlineExecutorService.execute(InlineExecutorService.java:75) ~[tomcat-embed-core-9.0.60.jar:9.0.60]
	at java.base/java.util.concurrent.AbstractExecutorService.submit(AbstractExecutorService.java:145) ~[na:na]
	at org.apache.catalina.core.ContainerBase.startInternal(ContainerBase.java:919) ~[tomcat-embed-core-9.0.60.jar:9.0.60]
	at org.apache.catalina.core.StandardHost.startInternal(StandardHost.java:835) ~[tomcat-embed-core-9.0.60.jar:9.0.60]
	at org.apache.catalina.util.LifecycleBase.start(LifecycleBase.java:183) ~[tomcat-embed-core-9.0.60.jar:9.0.60]
	at org.apache.catalina.core.ContainerBase$StartChild.call(ContainerBase.java:1396) ~[tomcat-embed-core-9.0.60.jar:9.0.60]
	at org.apache.catalina.core.ContainerBase$StartChild.call(ContainerBase.java:1386) ~[tomcat-embed-core-9.0.60.jar:9.0.60]
	at java.base/java.util.concurrent.FutureTask.run$$$capture(FutureTask.java:264) ~[na:na]
	at java.base/java.util.concurrent.FutureTask.run(FutureTask.java) ~[na:na]
	at org.apache.tomcat.util.threads.InlineExecutorService.execute(InlineExecutorService.java:75) ~[tomcat-embed-core-9.0.60.jar:9.0.60]
	at java.base/java.util.concurrent.AbstractExecutorService.submit(AbstractExecutorService.java:145) ~[na:na]
	at org.apache.catalina.core.ContainerBase.startInternal(ContainerBase.java:919) ~[tomcat-embed-core-9.0.60.jar:9.0.60]
	at org.apache.catalina.core.StandardEngine.startInternal(StandardEngine.java:263) ~[tomcat-embed-core-9.0.60.jar:9.0.60]
	at org.apache.catalina.util.LifecycleBase.start(LifecycleBase.java:183) ~[tomcat-embed-core-9.0.60.jar:9.0.60]
	at org.apache.catalina.core.StandardService.startInternal(StandardService.java:432) ~[tomcat-embed-core-9.0.60.jar:9.0.60]
	at org.apache.catalina.util.LifecycleBase.start(LifecycleBase.java:183) ~[tomcat-embed-core-9.0.60.jar:9.0.60]
	at org.apache.catalina.core.StandardServer.startInternal(StandardServer.java:927) ~[tomcat-embed-core-9.0.60.jar:9.0.60]
	at org.apache.catalina.util.LifecycleBase.start(LifecycleBase.java:183) ~[tomcat-embed-core-9.0.60.jar:9.0.60]
	at org.apache.catalina.startup.Tomcat.start(Tomcat.java:486) ~[tomcat-embed-core-9.0.60.jar:9.0.60]
	at org.springframework.boot.web.embedded.tomcat.TomcatWebServer.initialize(TomcatWebServer.java:123) ~[spring-boot-2.6.6.jar:2.6.6]
	... 18 common frames omitted
Caused by: org.springframework.beans.BeanInstantiationException: Failed to instantiate [org.springframework.boot.web.servlet.FilterRegistrationBean]: Factory method 'xssEscapeServletFilter' threw exception; nested exception is java.lang.ExceptionInInitializerError
	at org.springframework.beans.factory.support.SimpleInstantiationStrategy.instantiate(SimpleInstantiationStrategy.java:185) ~[spring-beans-5.3.18.jar:5.3.18]
	at org.springframework.beans.factory.support.ConstructorResolver.instantiate(ConstructorResolver.java:653) ~[spring-beans-5.3.18.jar:5.3.18]
	... 60 common frames omitted
Caused by: java.lang.ExceptionInInitializerError: null
	at com.navercorp.lucy.security.xss.servletfilter.XssEscapeFilter.<clinit>(XssEscapeFilter.java:38) ~[lucy-xss-servlet-2.0.0.jar:na]
	at com.navercorp.lucy.security.xss.servletfilter.XssEscapeServletFilter.<init>(XssEscapeServletFilter.java:28) ~[lucy-xss-servlet-2.0.0.jar:na]
	at com.bizmap.config.XssConfig.xssEscapeServletFilter(XssConfig.java:14) ~[classes/:na]
	at com.bizmap.config.XssConfig$$EnhancerBySpringCGLIB$$15b4663b.CGLIB$xssEscapeServletFilter$0(<generated>) ~[classes/:na]
	at com.bizmap.config.XssConfig$$EnhancerBySpringCGLIB$$15b4663b$$FastClassBySpringCGLIB$$af7a5398.invoke(<generated>) ~[classes/:na]
	at org.springframework.cglib.proxy.MethodProxy.invokeSuper(MethodProxy.java:244) ~[spring-core-5.3.18.jar:5.3.18]
	at org.springframework.context.annotation.ConfigurationClassEnhancer$BeanMethodInterceptor.intercept(ConfigurationClassEnhancer.java:331) ~[spring-context-5.3.18.jar:5.3.18]
	at com.bizmap.config.XssConfig$$EnhancerBySpringCGLIB$$15b4663b.xssEscapeServletFilter(<generated>) ~[classes/:na]
	at java.base/jdk.internal.reflect.NativeMethodAccessorImpl.invoke0(Native Method) ~[na:na]
	at java.base/jdk.internal.reflect.NativeMethodAccessorImpl.invoke(NativeMethodAccessorImpl.java:78) ~[na:na]
	at java.base/jdk.internal.reflect.DelegatingMethodAccessorImpl.invoke(DelegatingMethodAccessorImpl.java:43) ~[na:na]
	at java.base/java.lang.reflect.Method.invoke(Method.java:567) ~[na:na]
	at org.springframework.beans.factory.support.SimpleInstantiationStrategy.instantiate(SimpleInstantiationStrategy.java:154) ~[spring-beans-5.3.18.jar:5.3.18]
	... 61 common frames omitted
Caused by: java.lang.IllegalStateException: Cannot parse the RequestParam configuration file [lucy-xss-servlet-filter-rule.xml].
	at com.navercorp.lucy.security.xss.servletfilter.XssEscapeFilterConfig.<init>(XssEscapeFilterConfig.java:83) ~[lucy-xss-servlet-2.0.0.jar:na]
	at com.navercorp.lucy.security.xss.servletfilter.XssEscapeFilterConfig.<init>(XssEscapeFilterConfig.java:53) ~[lucy-xss-servlet-2.0.0.jar:na]
	at com.navercorp.lucy.security.xss.servletfilter.XssEscapeFilter.<init>(XssEscapeFilter.java:46) ~[lucy-xss-servlet-2.0.0.jar:na]
	at com.navercorp.lucy.security.xss.servletfilter.XssEscapeFilter.<clinit>(XssEscapeFilter.java:36) ~[lucy-xss-servlet-2.0.0.jar:na]
	... 73 common frames omitted
Caused by: java.lang.IllegalArgumentException: InputStream cannot be null
	at java.xml/javax.xml.parsers.DocumentBuilder.parse(DocumentBuilder.java:118) ~[na:na]
	at com.navercorp.lucy.security.xss.servletfilter.XssEscapeFilterConfig.<init>(XssEscapeFilterConfig.java:67) ~[lucy-xss-servlet-2.0.0.jar:na]
	... 76 common frames omitted

